
> heygen-app@0.0.0 dev
> vite

Port 5173 is in use, trying another one...
Port 5174 is in use, trying another one...
Port 5175 is in use, trying another one...

  VITE v7.3.0  ready in 699 ms

  ➜  Local:   http://localhost:5176/
  ➜  Network: use --host to expose
10:02:41 AM [vite] changed tsconfig file detected: /root/heygen-app/heygen-app/tsconfig.app.json - Clearing cache and forcing full-reload to ensure TypeScript is compiled with updated config values.
10:02:41 AM [vite] changed tsconfig file detected: /root/heygen-app/heygen-app/tsconfig.json - Clearing cache and forcing full-reload to ensure TypeScript is compiled with updated config values.
10:02:41 AM [vite] vite.config.ts changed, restarting server...
10:02:41 AM [vite] (client) page reload index.html
10:02:41 AM [vite] (client) hmr update /src/App.vue, /src/App.vue?vue&type=style&index=0&scoped=7a7a37b1&lang.css
10:02:41 AM [vite] (client) page reload src/main.ts
10:02:41 AM [vite] (client) hmr update /src/style.css
10:02:41 AM [vite] (client) hmr update /src/components/HelloWorld.vue, /src/components/HelloWorld.vue?vue&type=style&index=0&scoped=e17ea971&lang.css
10:02:41 AM [vite] (client) Re-optimizing dependencies because vite config has changed
10:02:41 AM [vite] server restarted.

> heygen-app@0.0.0 dev
> vite

10:04:04 AM [vite] (client) Re-optimizing dependencies because vite config has changed

  VITE v7.3.0  ready in 537 ms

  ➜  Local:   http://localhost:5173/
  ➜  Network: use --host to expose
10:17:53 AM [vite] (client) page reload tmp/index.html
10:30:55 AM [vite] (client) page reload index.html
10:31:02 AM [vite] (client) page reload index.html
10:31:19 AM [vite] (client) page reload src/main.ts

> heygen-app@0.0.0 dev
> vite

10:32:56 AM [vite] (client) Re-optimizing dependencies because lockfile has changed
Port 5173 is in use, trying another one...

  VITE v7.3.0  ready in 532 ms

  ➜  Local:   http://localhost:5174/
  ➜  Network: use --host to expose
